c:\users\colin\source\repos\spaceshooter3\spaceshooter3\x64\debug\spaceshooter3.pch
c:\users\colin\source\repos\spaceshooter3\spaceshooter3\x64\debug\vc142.pdb
c:\users\colin\source\repos\spaceshooter3\spaceshooter3\x64\debug\vc142.idb
c:\users\colin\source\repos\spaceshooter3\spaceshooter3\x64\debug\my_pch.obj
c:\users\colin\source\repos\spaceshooter3\spaceshooter3\x64\debug\space_partition_player_bullets_system.obj
c:\users\colin\source\repos\spaceshooter3\spaceshooter3\x64\debug\space_partition_enemy_bullets_system.obj
c:\users\colin\source\repos\spaceshooter3\spaceshooter3\x64\debug\space_hash.obj
c:\users\colin\source\repos\spaceshooter3\spaceshooter3\x64\debug\spaceshooter3.obj
c:\users\colin\source\repos\spaceshooter3\spaceshooter3\x64\debug\signature.obj
c:\users\colin\source\repos\spaceshooter3\spaceshooter3\x64\debug\sdlwindow.obj
c:\users\colin\source\repos\spaceshooter3\spaceshooter3\x64\debug\record.obj
c:\users\colin\source\repos\spaceshooter3\spaceshooter3\x64\debug\player_movement_system.obj
c:\users\colin\source\repos\spaceshooter3\spaceshooter3\x64\debug\player_collision_system.obj
c:\users\colin\source\repos\spaceshooter3\spaceshooter3\x64\debug\player_attack_system.obj
c:\users\colin\source\repos\spaceshooter3\spaceshooter3\x64\debug\manager.obj
c:\users\colin\source\repos\spaceshooter3\spaceshooter3\x64\debug\move_system.obj
c:\users\colin\source\repos\spaceshooter3\spaceshooter3\x64\debug\entity.obj
c:\users\colin\source\repos\spaceshooter3\spaceshooter3\x64\debug\enemy_movement_system.obj
c:\users\colin\source\repos\spaceshooter3\spaceshooter3\x64\debug\enemy_collision_system.obj
c:\users\colin\source\repos\spaceshooter3\spaceshooter3\x64\debug\enemy_attack_system.obj
c:\users\colin\source\repos\spaceshooter3\spaceshooter3\x64\debug\draw.obj
c:\users\colin\source\repos\spaceshooter3\spaceshooter3\x64\debug\despawn_enemy_system.obj
c:\users\colin\source\repos\spaceshooter3\spaceshooter3\x64\debug\component_array.obj
c:\users\colin\source\repos\spaceshooter3\spaceshooter3\x64\debug\archetype.obj
c:\users\colin\source\repos\spaceshooter3\spaceshooter3\x64\debug\spawn_system.obj
c:\users\colin\source\repos\spaceshooter3\x64\debug\spaceshooter3.exe
c:\users\colin\source\repos\spaceshooter3\x64\debug\spaceshooter3.ilk
c:\users\colin\source\repos\spaceshooter3\x64\debug\spaceshooter3.pdb
c:\users\colin\source\repos\spaceshooter3\spaceshooter3\x64\debug\spaceshooter3.pchast
c:\users\colin\source\repos\spaceshooter3\spaceshooter3\x64\debug\archetype.nativecodeanalysis.xml
c:\users\colin\source\repos\spaceshooter3\spaceshooter3\x64\debug\component_array.nativecodeanalysis.xml
c:\users\colin\source\repos\spaceshooter3\spaceshooter3\x64\debug\despawn_enemy_system.nativecodeanalysis.xml
c:\users\colin\source\repos\spaceshooter3\spaceshooter3\x64\debug\draw.nativecodeanalysis.xml
c:\users\colin\source\repos\spaceshooter3\spaceshooter3\x64\debug\enemy_attack_system.nativecodeanalysis.xml
c:\users\colin\source\repos\spaceshooter3\spaceshooter3\x64\debug\enemy_collision_system.nativecodeanalysis.xml
c:\users\colin\source\repos\spaceshooter3\spaceshooter3\x64\debug\enemy_movement_system.nativecodeanalysis.xml
c:\users\colin\source\repos\spaceshooter3\spaceshooter3\x64\debug\entity.nativecodeanalysis.xml
c:\users\colin\source\repos\spaceshooter3\spaceshooter3\x64\debug\manager.nativecodeanalysis.xml
c:\users\colin\source\repos\spaceshooter3\spaceshooter3\x64\debug\move_system.nativecodeanalysis.xml
c:\users\colin\source\repos\spaceshooter3\spaceshooter3\x64\debug\my_pch.nativecodeanalysis.xml
c:\users\colin\source\repos\spaceshooter3\spaceshooter3\x64\debug\player_attack_system.nativecodeanalysis.xml
c:\users\colin\source\repos\spaceshooter3\spaceshooter3\x64\debug\player_collision_system.nativecodeanalysis.xml
c:\users\colin\source\repos\spaceshooter3\spaceshooter3\x64\debug\player_movement_system.nativecodeanalysis.xml
c:\users\colin\source\repos\spaceshooter3\spaceshooter3\x64\debug\record.nativecodeanalysis.xml
c:\users\colin\source\repos\spaceshooter3\spaceshooter3\x64\debug\sdlwindow.nativecodeanalysis.xml
c:\users\colin\source\repos\spaceshooter3\spaceshooter3\x64\debug\signature.nativecodeanalysis.xml
c:\users\colin\source\repos\spaceshooter3\spaceshooter3\x64\debug\spaceshooter3.nativecodeanalysis.xml
c:\users\colin\source\repos\spaceshooter3\spaceshooter3\x64\debug\space_hash.nativecodeanalysis.xml
c:\users\colin\source\repos\spaceshooter3\spaceshooter3\x64\debug\space_partition_enemy_bullets_system.nativecodeanalysis.xml
c:\users\colin\source\repos\spaceshooter3\spaceshooter3\x64\debug\space_partition_player_bullets_system.nativecodeanalysis.xml
c:\users\colin\source\repos\spaceshooter3\spaceshooter3\x64\debug\spawn_system.nativecodeanalysis.xml
c:\users\colin\source\repos\spaceshooter3\spaceshooter3\x64\debug\vc.nativecodeanalysis.all.xml
c:\users\colin\source\repos\spaceshooter3\spaceshooter3\x64\debug\spaceshooter3.tlog\cl.command.1.tlog
c:\users\colin\source\repos\spaceshooter3\spaceshooter3\x64\debug\spaceshooter3.tlog\cl.read.1.tlog
c:\users\colin\source\repos\spaceshooter3\spaceshooter3\x64\debug\spaceshooter3.tlog\cl.write.1.tlog
c:\users\colin\source\repos\spaceshooter3\spaceshooter3\x64\debug\spaceshooter3.tlog\link.command.1.tlog
c:\users\colin\source\repos\spaceshooter3\spaceshooter3\x64\debug\spaceshooter3.tlog\link.read.1.tlog
c:\users\colin\source\repos\spaceshooter3\spaceshooter3\x64\debug\spaceshooter3.tlog\link.write.1.tlog
